6003 records received
5997 records successful
6 records failed
 ****************************************
6003 records received
5997 records successful
6 records failed
 ****************************************
6003 records received
5997 records successful
6 records failed
 ****************************************
6003 records received
5997 records successful
6 records failed
 ****************************************
6003 records received
5997 records successful
6 records failed
 ****************************************
6003 records received
5997 records successful
6 records failed
 ****************************************
2019-06-28 12:08:48
59976 records received
5997 records successful
6 records failed
 ****************************************
2019-06-28 12:09:09

59976 records received
5997 records successful
6 records failed
 ****************************************
